<?xml version="1.0" encoding="UTF-8"?>
<testng-results ignored="0" total="1" passed="1" failed="0" skipped="0">
  <reporter-output>
  </reporter-output>
  <suite started-at="2023-05-31T13:38:22 IST" name="Suite" finished-at="2023-05-31T13:39:19 IST" duration-ms="56247">
    <groups>
    </groups>
    <test started-at="2023-05-31T13:38:22 IST" name="Test" finished-at="2023-05-31T13:39:19 IST" duration-ms="56247">
      <class name="seleniumJarDownload.Scenario1">
        <test-method signature="test1()[pri:0, instance:seleniumJarDownload.Scenario1@202b0582]" started-at="2023-05-31T13:38:22 IST" name="test1" finished-at="2023-05-31T13:39:19 IST" duration-ms="56167" status="PASS">
          <reporter-output>
          </reporter-output>
        </test-method> <!-- test1 -->
      </class> <!-- seleniumJarDownload.Scenario1 -->
    </test> <!-- Test -->
  </suite> <!-- Suite -->
</testng-results>
